  main.cpp
c:\users\samsung\desktop\nova pasta\nova pasta (6)\sabertooth-master\sabertooth\main.cpp(213): warning C4267: 'argumento': conversão de 'size_t' para 'GLsizei', possível perda de dados
c:\users\samsung\desktop\nova pasta\nova pasta (6)\sabertooth-master\sabertooth\main.cpp(219): warning C4267: 'argumento': conversão de 'size_t' para 'GLsizei', possível perda de dados
c:\users\samsung\desktop\nova pasta\nova pasta (6)\sabertooth-master\sabertooth\main.cpp(221): warning C4267: 'argumento': conversão de 'size_t' para 'GLsizei', possível perda de dados
c:\users\samsung\desktop\nova pasta\nova pasta (6)\sabertooth-master\sabertooth\main.cpp(223): warning C4267: 'argumento': conversão de 'size_t' para 'GLsizei', possível perda de dados
c:\users\samsung\desktop\nova pasta\nova pasta (6)\sabertooth-master\sabertooth\main.cpp(289): warning C4244: '=': conversão de 'double' para 'GLfloat', possível perda de dados
c:\users\samsung\desktop\nova pasta\nova pasta (6)\sabertooth-master\sabertooth\main.cpp(294): warning C4244: '=': conversão de 'double' para 'GLfloat', possível perda de dados
c:\users\samsung\desktop\nova pasta\nova pasta (6)\sabertooth-master\sabertooth\main.cpp(298): warning C4244: '=': conversão de 'double' para 'GLfloat', possível perda de dados
c:\users\samsung\desktop\nova pasta\nova pasta (6)\sabertooth-master\sabertooth\main.cpp(303): warning C4244: '=': conversão de 'double' para 'GLfloat', possível perda de dados
c:\users\samsung\desktop\nova pasta\nova pasta (6)\sabertooth-master\sabertooth\main.cpp(308): warning C4244: '=': conversão de 'double' para 'GLfloat', possível perda de dados
c:\users\samsung\desktop\nova pasta\nova pasta (6)\sabertooth-master\sabertooth\main.cpp(312): warning C4244: '=': conversão de 'double' para 'GLfloat', possível perda de dados
c:\users\samsung\desktop\nova pasta\nova pasta (6)\sabertooth-master\sabertooth\main.cpp(352): warning C4244: '=': conversão de 'double' para 'GLfloat', possível perda de dados
c:\users\samsung\desktop\nova pasta\nova pasta (6)\sabertooth-master\sabertooth\main.cpp(407): warning C4244: '=': conversão de 'double' para 'GLfloat', possível perda de dados
c:\users\samsung\desktop\nova pasta\nova pasta (6)\sabertooth-master\sabertooth\main.cpp(448): warning C4244: 'inicializando': conversão de 'double' para 'GLfloat', possível perda de dados
c:\users\samsung\desktop\nova pasta\nova pasta (6)\sabertooth-master\sabertooth\main.cpp(449): warning C4244: 'inicializando': conversão de 'double' para 'GLfloat', possível perda de dados
c:\users\samsung\desktop\nova pasta\nova pasta (6)\sabertooth-master\sabertooth\main.cpp(455): warning C4244: '=': conversão de 'double' para 'float', possível perda de dados
c:\users\samsung\desktop\nova pasta\nova pasta (6)\sabertooth-master\sabertooth\main.cpp(486): warning C4244: 'inicializando': conversão de 'double' para 'GLfloat', possível perda de dados
c:\users\samsung\desktop\nova pasta\nova pasta (6)\sabertooth-master\sabertooth\main.cpp(487): warning C4244: 'inicializando': conversão de 'double' para 'GLfloat', possível perda de dados
c:\users\samsung\desktop\nova pasta\nova pasta (6)\sabertooth-master\sabertooth\main.cpp(554): warning C4244: 'inicializando': conversão de 'double' para 'GLfloat', possível perda de dados
c:\users\samsung\desktop\nova pasta\nova pasta (6)\sabertooth-master\sabertooth\main.cpp(559): warning C4244: 'inicializando': conversão de 'double' para 'GLfloat', possível perda de dados
c:\users\samsung\desktop\nova pasta\nova pasta (6)\sabertooth-master\sabertooth\main.cpp(609): warning C4244: 'argumento': conversão de 'double' para '_Ty', possível perda de dados
          with
          [
              _Ty=float
          ]
c:\users\samsung\desktop\nova pasta\nova pasta (6)\sabertooth-master\sabertooth\main.cpp(610): warning C4244: 'argumento': conversão de 'double' para '_Ty', possível perda de dados
          with
          [
              _Ty=float
          ]
c:\users\samsung\desktop\nova pasta\nova pasta (6)\sabertooth-master\sabertooth\main.cpp(618): warning C4244: 'argumento': conversão de 'double' para '_Ty', possível perda de dados
          with
          [
              _Ty=float
          ]
c:\users\samsung\desktop\nova pasta\nova pasta (6)\sabertooth-master\sabertooth\main.cpp(619): warning C4244: 'argumento': conversão de 'double' para '_Ty', possível perda de dados
          with
          [
              _Ty=float
          ]
c:\users\samsung\desktop\nova pasta\nova pasta (6)\sabertooth-master\sabertooth\main.cpp(627): warning C4267: 'argumento': conversão de 'size_t' para 'int', possível perda de dados
c:\users\samsung\desktop\nova pasta\nova pasta (6)\sabertooth-master\sabertooth\main.cpp(627): warning C4244: 'argumento': conversão de 'double' para '_Ty', possível perda de dados
          with
          [
              _Ty=float
          ]
c:\users\samsung\desktop\nova pasta\nova pasta (6)\sabertooth-master\sabertooth\main.cpp(628): warning C4267: 'argumento': conversão de 'size_t' para 'int', possível perda de dados
c:\users\samsung\desktop\nova pasta\nova pasta (6)\sabertooth-master\sabertooth\main.cpp(628): warning C4244: 'argumento': conversão de 'double' para '_Ty', possível perda de dados
          with
          [
              _Ty=float
          ]
c:\users\samsung\desktop\nova pasta\nova pasta (6)\sabertooth-master\sabertooth\main.cpp(629): warning C4267: 'argumento': conversão de 'size_t' para 'int', possível perda de dados
c:\users\samsung\desktop\nova pasta\nova pasta (6)\sabertooth-master\sabertooth\main.cpp(636): warning C4267: 'argumento': conversão de 'size_t' para 'int', possível perda de dados
c:\users\samsung\desktop\nova pasta\nova pasta (6)\sabertooth-master\sabertooth\main.cpp(636): warning C4244: 'argumento': conversão de 'double' para '_Ty', possível perda de dados
          with
          [
              _Ty=float
          ]
c:\users\samsung\desktop\nova pasta\nova pasta (6)\sabertooth-master\sabertooth\main.cpp(637): warning C4267: 'argumento': conversão de 'size_t' para 'int', possível perda de dados
c:\users\samsung\desktop\nova pasta\nova pasta (6)\sabertooth-master\sabertooth\main.cpp(637): warning C4244: 'argumento': conversão de 'double' para '_Ty', possível perda de dados
          with
          [
              _Ty=float
          ]
c:\users\samsung\desktop\nova pasta\nova pasta (6)\sabertooth-master\sabertooth\main.cpp(638): warning C4267: 'argumento': conversão de 'size_t' para 'int', possível perda de dados
c:\users\samsung\desktop\nova pasta\nova pasta (6)\sabertooth-master\sabertooth\main.cpp(648): warning C4305: 'argumento': truncamento de 'double' para '_Ty'
          with
          [
              _Ty=float
          ]
c:\users\samsung\desktop\nova pasta\nova pasta (6)\sabertooth-master\sabertooth\main.cpp(657): warning C4305: 'argumento': truncamento de 'double' para '_Ty'
          with
          [
              _Ty=float
          ]
c:\users\samsung\desktop\nova pasta\nova pasta (6)\sabertooth-master\sabertooth\main.cpp(666): warning C4305: 'argumento': truncamento de 'double' para '_Ty'
          with
          [
              _Ty=float
          ]
c:\users\samsung\desktop\nova pasta\nova pasta (6)\sabertooth-master\sabertooth\main.cpp(675): warning C4305: 'argumento': truncamento de 'double' para '_Ty'
          with
          [
              _Ty=float
          ]
c:\users\samsung\desktop\nova pasta\nova pasta (6)\sabertooth-master\sabertooth\main.cpp(1018): warning C4267: 'argumento': conversão de 'size_t' para 'GLsizei', possível perda de dados
c:\users\samsung\desktop\nova pasta\nova pasta (6)\sabertooth-master\sabertooth\main.cpp(1085): warning C4305: 'argumento': truncamento de 'double' para '_Ty'
          with
          [
              _Ty=float
          ]
c:\users\samsung\desktop\nova pasta\nova pasta (6)\sabertooth-master\sabertooth\main.cpp(1094): warning C4305: 'argumento': truncamento de 'double' para '_Ty'
          with
          [
              _Ty=float
          ]
c:\users\samsung\desktop\nova pasta\nova pasta (6)\sabertooth-master\sabertooth\main.cpp(1103): warning C4305: 'argumento': truncamento de 'double' para '_Ty'
          with
          [
              _Ty=float
          ]
c:\users\samsung\desktop\nova pasta\nova pasta (6)\sabertooth-master\sabertooth\main.cpp(1112): warning C4305: 'argumento': truncamento de 'double' para '_Ty'
          with
          [
              _Ty=float
          ]
  Sabertooth.vcxproj -> C:\Users\Samsung\Desktop\Nova pasta\Nova pasta (6)\Sabertooth-master\x64\Debug\Sabertooth.exe
